  QuixoteRenderer.cpp
c:\projects\quixoterender\qrender\quixote renderer\quixote renderer\quixoterenderer.cpp(736): warning C4244: 'initializing': conversion from 'double' to 'float', possible loss of data
c:\projects\quixoterender\qrender\quixote renderer\quixote renderer\quixoterenderer.cpp(743): warning C4244: 'argument': conversion from 'double' to 'float', possible loss of data
c:\projects\quixoterender\qrender\quixote renderer\quixote renderer\quixoterenderer.cpp(745): warning C4244: 'argument': conversion from 'double' to 'float', possible loss of data
c:\projects\quixoterender\qrender\quixote renderer\quixote renderer\quixoterenderer.cpp(750): warning C4244: 'argument': conversion from 'double' to 'float', possible loss of data
c:\projects\quixoterender\qrender\quixote renderer\quixote renderer\quixoterenderer.cpp(752): warning C4244: 'argument': conversion from 'double' to 'float', possible loss of data
c:\projects\quixoterender\qrender\quixote renderer\quixote renderer\quixoterenderer.cpp(757): warning C4244: 'argument': conversion from 'double' to 'float', possible loss of data
c:\projects\quixoterender\qrender\quixote renderer\quixote renderer\quixoterenderer.cpp(759): warning C4244: 'argument': conversion from 'double' to 'float', possible loss of data
c:\projects\quixoterender\qrender\quixote renderer\quixote renderer\quixoterenderer.cpp(764): warning C4244: 'argument': conversion from 'double' to 'float', possible loss of data
c:\projects\quixoterender\qrender\quixote renderer\quixote renderer\quixoterenderer.cpp(766): warning C4244: 'argument': conversion from 'double' to 'float', possible loss of data
c:\projects\quixoterender\qrender\quixote renderer\quixote renderer\quixoterenderer.cpp(796): warning C4244: '=': conversion from 'double' to 'float', possible loss of data
c:\projects\quixoterender\qrender\quixote renderer\quixote renderer\quixoterenderer.cpp(797): warning C4244: '=': conversion from 'double' to 'float', possible loss of data
c:\projects\quixoterender\qrender\quixote renderer\quixote renderer\quixoterenderer.cpp(801): warning C4244: 'initializing': conversion from 'double' to 'float', possible loss of data
c:\projects\quixoterender\qrender\quixote renderer\quixote renderer\quixoterenderer.cpp(802): warning C4244: 'initializing': conversion from 'double' to 'float', possible loss of data
c:\projects\quixoterender\qrender\quixote renderer\quixote renderer\quixoterenderer.cpp(803): warning C4244: '=': conversion from 'double' to 'float', possible loss of data
c:\projects\quixoterender\qrender\quixote renderer\quixote renderer\quixoterenderer.cpp(804): warning C4244: '=': conversion from 'double' to 'float', possible loss of data
c:\projects\quixoterender\qrender\quixote renderer\quixote renderer\quixoterenderer.cpp(811): warning C4244: 'argument': conversion from 'double' to 'float', possible loss of data
LINK : warning LNK4098: defaultlib 'MSVCRTD' conflicts with use of other libs; use /NODEFAULTLIB:library
  Generating code
  0 of 642 functions ( 0.0%) were compiled, the rest were copied from previous compilation.
    0 functions were new in current compilation
    0 functions had inline decision re-evaluated but remain unchanged
  Finished generating code
glfw3.lib(context.obj) : warning LNK4099: PDB 'glfw.pdb' was not found with 'glfw3.lib(context.obj)' or at 'C:\Projects\QuixoteRender\QRender\Quixote Renderer\Release\glfw.pdb'; linking object as if no debug info
glfw3.lib(init.obj) : warning LNK4099: PDB 'glfw.pdb' was not found with 'glfw3.lib(init.obj)' or at 'C:\Projects\QuixoteRender\QRender\Quixote Renderer\Release\glfw.pdb'; linking object as if no debug info
glfw3.lib(input.obj) : warning LNK4099: PDB 'glfw.pdb' was not found with 'glfw3.lib(input.obj)' or at 'C:\Projects\QuixoteRender\QRender\Quixote Renderer\Release\glfw.pdb'; linking object as if no debug info
glfw3.lib(monitor.obj) : warning LNK4099: PDB 'glfw.pdb' was not found with 'glfw3.lib(monitor.obj)' or at 'C:\Projects\QuixoteRender\QRender\Quixote Renderer\Release\glfw.pdb'; linking object as if no debug info
glfw3.lib(vulkan.obj) : warning LNK4099: PDB 'glfw.pdb' was not found with 'glfw3.lib(vulkan.obj)' or at 'C:\Projects\QuixoteRender\QRender\Quixote Renderer\Release\glfw.pdb'; linking object as if no debug info
glfw3.lib(window.obj) : warning LNK4099: PDB 'glfw.pdb' was not found with 'glfw3.lib(window.obj)' or at 'C:\Projects\QuixoteRender\QRender\Quixote Renderer\Release\glfw.pdb'; linking object as if no debug info
glfw3.lib(win32_init.obj) : warning LNK4099: PDB 'glfw.pdb' was not found with 'glfw3.lib(win32_init.obj)' or at 'C:\Projects\QuixoteRender\QRender\Quixote Renderer\Release\glfw.pdb'; linking object as if no debug info
glfw3.lib(win32_joystick.obj) : warning LNK4099: PDB 'glfw.pdb' was not found with 'glfw3.lib(win32_joystick.obj)' or at 'C:\Projects\QuixoteRender\QRender\Quixote Renderer\Release\glfw.pdb'; linking object as if no debug info
glfw3.lib(win32_monitor.obj) : warning LNK4099: PDB 'glfw.pdb' was not found with 'glfw3.lib(win32_monitor.obj)' or at 'C:\Projects\QuixoteRender\QRender\Quixote Renderer\Release\glfw.pdb'; linking object as if no debug info
glfw3.lib(win32_time.obj) : warning LNK4099: PDB 'glfw.pdb' was not found with 'glfw3.lib(win32_time.obj)' or at 'C:\Projects\QuixoteRender\QRender\Quixote Renderer\Release\glfw.pdb'; linking object as if no debug info
glfw3.lib(win32_tls.obj) : warning LNK4099: PDB 'glfw.pdb' was not found with 'glfw3.lib(win32_tls.obj)' or at 'C:\Projects\QuixoteRender\QRender\Quixote Renderer\Release\glfw.pdb'; linking object as if no debug info
glfw3.lib(win32_window.obj) : warning LNK4099: PDB 'glfw.pdb' was not found with 'glfw3.lib(win32_window.obj)' or at 'C:\Projects\QuixoteRender\QRender\Quixote Renderer\Release\glfw.pdb'; linking object as if no debug info
glfw3.lib(wgl_context.obj) : warning LNK4099: PDB 'glfw.pdb' was not found with 'glfw3.lib(wgl_context.obj)' or at 'C:\Projects\QuixoteRender\QRender\Quixote Renderer\Release\glfw.pdb'; linking object as if no debug info
glfw3.lib(egl_context.obj) : warning LNK4099: PDB 'glfw.pdb' was not found with 'glfw3.lib(egl_context.obj)' or at 'C:\Projects\QuixoteRender\QRender\Quixote Renderer\Release\glfw.pdb'; linking object as if no debug info
  Quixote Renderer.vcxproj -> C:\Projects\QuixoteRender\QRender\Quixote Renderer\Release\Quixote Renderer.exe
